<?xml version="1.0" encoding="UTF-8"?>
<!-- Generated by org.testng.reporters.JUnitReportReporter -->
<testsuite skipped="0" hostname="MacBook15.local" name="com.PRregressionSuite.TestScripts_PR_Regression" tests="2" failures="0" timestamp="2021-07-11T09:31:52 EDT" time="35.436" errors="0">
  <testcase name="loginValidation" time="19.842" classname="com.PRregressionSuite.TestScripts_PR_Regression"/>
  <system-out/>
  <testcase name="makeInOfficeAppointmentValidation" time="15.594" classname="com.PRregressionSuite.TestScripts_PR_Regression"/>
  <system-out/>
</testsuite> <!-- com.PRregressionSuite.TestScripts_PR_Regression -->
